2026-03-10 10:03:07,130 - INFO - {"request_id": "20260310_100306_810419", "filename": "0000026_01000_d_0000026.jpg", "image_size": {"width": 1360, "height": 765}, "num_detections": 21, "class_distribution": {"car": 18, "van": 2, "pedestrian": 1}, "conf_threshold": 0.25, "inference_time_ms": 316.56, "fps": 3.16}
2026-03-10 10:03:32,008 - INFO - {"request_id": "20260310_100331_933531", "filename": "0000242_00627_d_0000003.jpg", "image_size": {"width": 960, "height": 540}, "num_detections": 29, "class_distribution": {"car": 22, "van": 1, "bus": 1, "pedestrian": 2, "truck": 2, "people": 1}, "conf_threshold": 0.25, "inference_time_ms": 62.49, "fps": 16.0}
2026-03-10 10:04:55,546 - INFO - {"request_id": "20260310_100455_469991", "filename": "0000001_07999_d_0000012.jpg", "image_size": {"width": 1920, "height": 1080}, "num_detections": 36, "class_distribution": {"pedestrian": 18, "car": 10, "motor": 5, "van": 3}, "conf_threshold": 0.25, "inference_time_ms": 65.95, "fps": 15.16}
2026-03-10 10:05:04,522 - INFO - {"request_id": "20260310_100504_426754", "filename": "0000193_01497_d_0000111.jpg", "image_size": {"width": 960, "height": 540}, "num_detections": 63, "class_distribution": {"car": 13, "pedestrian": 7, "tricycle": 5, "awning-tricycle": 2, "van": 1, "people": 18, "motor": 16, "truck": 1}, "conf_threshold": 0.25, "inference_time_ms": 92.31, "fps": 10.83}
2026-03-10 10:05:13,892 - INFO - {"request_id": "20260310_100513_810343", "filename": "0000001_02999_d_0000005.jpg", "image_size": {"width": 1920, "height": 1080}, "num_detections": 36, "class_distribution": {"car": 14, "motor": 14, "people": 4, "truck": 1, "pedestrian": 2, "van": 1}, "conf_threshold": 0.25, "inference_time_ms": 71.36, "fps": 14.01}
2026-03-10 10:05:23,122 - INFO - {"request_id": "20260310_100523_048458", "filename": "0000069_01109_d_0000004.jpg", "image_size": {"width": 1360, "height": 765}, "num_detections": 22, "class_distribution": {"pedestrian": 18, "motor": 2, "people": 2}, "conf_threshold": 0.25, "inference_time_ms": 72.1, "fps": 13.87}
2026-03-10 10:05:36,120 - INFO - {"request_id": "20260310_100536_049117", "filename": "0000359_00393_d_0000701.jpg", "image_size": {"width": 1360, "height": 765}, "num_detections": 23, "class_distribution": {"car": 8, "pedestrian": 9, "motor": 4, "people": 2}, "conf_threshold": 0.25, "inference_time_ms": 67.18, "fps": 14.88}
2026-03-10 10:05:43,841 - INFO - {"request_id": "20260310_100543_771973", "filename": "0000021_00500_d_0000002.jpg", "image_size": {"width": 960, "height": 540}, "num_detections": 7, "class_distribution": {"pedestrian": 5, "motor": 1, "car": 1}, "conf_threshold": 0.25, "inference_time_ms": 66.93, "fps": 14.94}
2026-03-10 10:05:56,942 - INFO - {"request_id": "20260310_100556_849700", "filename": "0000291_04001_d_0000888.jpg", "image_size": {"width": 1360, "height": 765}, "num_detections": 83, "class_distribution": {"car": 47, "pedestrian": 13, "motor": 15, "van": 6, "bus": 1, "truck": 1}, "conf_threshold": 0.25, "inference_time_ms": 83.71, "fps": 11.95}
2026-03-10 10:06:09,854 - INFO - {"request_id": "20260310_100609_770624", "filename": "0000364_00589_d_0000798.jpg", "image_size": {"width": 960, "height": 540}, "num_detections": 32, "class_distribution": {"motor": 6, "pedestrian": 8, "people": 4, "tricycle": 6, "car": 3, "awning-tricycle": 3, "truck": 1, "bicycle": 1}, "conf_threshold": 0.25, "inference_time_ms": 80.74, "fps": 12.38}
2026-03-13 17:29:49,858 - INFO - {"request_id": "20260313_172949_602528", "endpoint": "/predict/annotated", "filename": "0000289_06001_d_0000841.jpg", "num_detections": 48, "inference_time_ms": 250.27}
2026-03-13 17:30:16,398 - INFO - {"request_id": "20260313_173016_330247", "endpoint": "/predict/annotated", "filename": "0000022_00500_d_0000005.jpg", "num_detections": 22, "inference_time_ms": 65.68}
2026-03-13 17:30:34,493 - INFO - {"request_id": "20260313_173034_416951", "endpoint": "/predict/annotated", "filename": "0000291_03601_d_0000886.jpg", "num_detections": 45, "inference_time_ms": 70.39}
2026-03-13 17:30:59,482 - INFO - {"request_id": "20260313_173059_411695", "endpoint": "/predict/annotated", "filename": "0000199_01269_d_0000166.jpg", "num_detections": 14, "inference_time_ms": 67.55}
2026-03-13 17:31:33,535 - INFO - {"request_id": "20260313_173133_464888", "endpoint": "/predict/annotated", "filename": "0000330_04401_d_0000822.jpg", "num_detections": 26, "inference_time_ms": 63.95}
2026-03-13 17:31:52,253 - INFO - {"request_id": "20260313_173152_169087", "endpoint": "/predict/annotated", "filename": "0000021_00500_d_0000002.jpg", "num_detections": 10, "inference_time_ms": 83.48}
2026-03-13 17:32:05,420 - INFO - {"request_id": "20260313_173205_351936", "endpoint": "/predict/annotated", "filename": "0000022_00500_d_0000005.jpg", "num_detections": 22, "inference_time_ms": 66.78}
2026-03-13 17:32:20,714 - INFO - {"request_id": "20260313_173220_627893", "endpoint": "/predict/annotated", "filename": "0000242_00843_d_0000004.jpg", "num_detections": 3, "inference_time_ms": 78.19}
2026-03-13 17:32:40,219 - INFO - {"request_id": "20260313_173240_144538", "endpoint": "/predict/annotated", "filename": "0000103_01734_d_0000028.jpg", "num_detections": 1, "inference_time_ms": 68.38}
2026-03-13 17:33:01,971 - INFO - {"request_id": "20260313_173301_895283", "endpoint": "/predict/annotated", "filename": "0000103_00502_d_0000027.jpg", "num_detections": 3, "inference_time_ms": 71.23}
2026-03-13 17:33:14,026 - INFO - {"request_id": "20260313_173313_954275", "endpoint": "/predict/annotated", "filename": "0000026_01000_d_0000026.jpg", "num_detections": 22, "inference_time_ms": 68.07}
2026-03-13 17:33:35,330 - INFO - {"request_id": "20260313_173335_256621", "endpoint": "/predict/annotated", "filename": "0000242_00627_d_0000003.jpg", "num_detections": 24, "inference_time_ms": 67.61}
